
> dating-advice-backend@0.1.0 dev
> ts-node-dev --respawn --transpile-only src/index.ts

[INFO] 05:16:12 ts-node-dev ver. 2.0.0 (using ts-node ver. 10.9.2, typescript ver. 5.9.3)
Dating Advice API listening on http://localhost:4000 (network: http://10.0.0.24:4000)
[INFO] 05:18:15 Restarting: C:\Users\Quise\name1\backend\src\index.ts has been modified
[ERROR] 05:18:16 Error: listen EADDRINUSE: address already in use 0.0.0.0:4000
[INFO] 05:25:04 Restarting: C:\Users\Quise\name1\backend\src\index.ts has been modified
[ERROR] 05:25:05 Error: listen EADDRINUSE: address already in use 0.0.0.0:4000
[INFO] 05:38:41 Restarting: C:\Users\Quise\name1\backend\src\index.ts has been modified
[ERROR] 05:38:42 тип Unable to compile TypeScript:
src/index.ts(217,45): error TS1161: Unterminated regular expression literal.
src/index.ts(218,1): error TS1127: Invalid character.
src/index.ts(218,4): error TS1109: Expression expected.
src/index.ts(218,5): error TS1161: Unterminated regular expression literal.
src/index.ts(218,11): error TS1005: ';' expected.
src/index.ts(246,3): error TS1128: Declaration or statement expected.
src/index.ts(246,5): error TS1005: 'try' expected.
src/index.ts(250,1): error TS1128: Declaration or statement expected.
src/index.ts(250,2): error TS1128: Declaration or statement expected.

[INFO] 05:40:43 Restarting: C:\Users\Quise\name1\backend\src\index.ts has been modified
[ERROR] 05:40:44 тип Unable to compile TypeScript:
src/index.ts(217,45): error TS1161: Unterminated regular expression literal.
src/index.ts(218,3): error TS1127: Invalid character.
src/index.ts(218,6): error TS1109: Expression expected.
src/index.ts(218,7): error TS1161: Unterminated regular expression literal.
src/index.ts(218,13): error TS1005: ';' expected.
src/index.ts(246,3): error TS1128: Declaration or statement expected.
src/index.ts(246,5): error TS1005: 'try' expected.
src/index.ts(250,1): error TS1128: Declaration or statement expected.
src/index.ts(250,2): error TS1128: Declaration or statement expected.

[INFO] 05:40:56 Restarting: C:\Users\Quise\name1\backend\src\index.ts has been modified
[ERROR] 05:40:56 тип Unable to compile TypeScript:
src/index.ts(216,3): error TS1127: Invalid character.
src/index.ts(216,6): error TS1109: Expression expected.
src/index.ts(216,7): error TS1161: Unterminated regular expression literal.
src/index.ts(216,13): error TS1005: ';' expected.
src/index.ts(218,45): error TS1161: Unterminated regular expression literal.
src/index.ts(219,3): error TS1127: Invalid character.
src/index.ts(219,6): error TS1109: Expression expected.
src/index.ts(219,7): error TS1161: Unterminated regular expression literal.
src/index.ts(219,13): error TS1005: ';' expected.
src/index.ts(247,3): error TS1128: Declaration or statement expected.
src/index.ts(247,5): error TS1005: 'try' expected.
src/index.ts(251,1): error TS1128: Declaration or statement expected.
src/index.ts(251,2): error TS1128: Declaration or statement expected.

[INFO] 05:43:01 Restarting: C:\Users\Quise\name1\backend\src\index.ts has been modified
[ERROR] 05:43:02 Error: listen EADDRINUSE: address already in use 0.0.0.0:4000
